#
# A fatal error has been detected by the Java Runtime Environment:
#
#  EXCEPTION_ACCESS_VIOLATION (0xc0000005) at pc=0x00000000616c584a, pid=9448, tid=0x000000000000334c
#
# JRE version: Java(TM) SE Runtime Environment (8.0_111-b14) (build 1.8.0_111-b14)
# Java VM: Java HotSpot(TM) 64-Bit Server VM (25.111-b14 mixed mode windows-amd64 compressed oops)
# Problematic frame:
# C  [glass.dll+0x2584a]
#
# Failed to write core dump. Minidumps are not enabled by default on client versions of Windows
#
# If you would like to submit a bug report, please visit:
#   http://bugreport.java.com/bugreport/crash.jsp
#

---------------  T H R E A D  ---------------

Current thread (0x00000000183a9800):  VMThread [stack: 0x000000001a080000,0x000000001a180000] [id=13132]

siginfo: ExceptionCode=0xc0000005, reading address 0x0000000000000000

Registers:
RAX=0x0000000000000000, RBX=0x00000000033d2800, RCX=0x00000000183a9800, RDX=0x00000000033d2800
RSP=0x000000001a17f470, RBP=0x00000000011f8fe0, RSI=0x0000000000000001, RDI=0x0000000000000000
R8 =0x0000000000010002, R9 =0x0000000000000001, R10=0x0000000001290000, R11=0x000000001a17f3d0
R12=0x00000000011f9010, R13=0x00000000011f8fe0, R14=0x00000000011f8ff0, R15=0x0000000000000000
RIP=0x00000000616c584a, EFLAGS=0x0000000000010202

Top of Stack: (sp=0x000000001a17f470)
0x000000001a17f470:   0000000000000000 00000000616c5900
0x000000001a17f480:   0000000000000001 00000000011f9010
0x000000001a17f490:   00000000616c5830 00000000616c3224
0x000000001a17f4a0:   00007ff8ee3a86e0 00000000616c5a60
0x000000001a17f4b0:   00000000011f8fe0 0000000000000001
0x000000001a17f4c0:   0000000000000001 00000000616a0000
0x000000001a17f4d0:   00000000032f1658 00000000616c34a6
0x000000001a17f4e0:   0000000000000001 0000000018235500
0x000000001a17f4f0:   0000000000000000 00000000616c3384
0x000000001a17f500:   c000000500000001 000000001a17e500
0x000000001a17f510:   00000000616a0000 00007ff8f0e7fd17
0x000000001a17f520:   000000007ffe0385 0000000000000000
0x000000001a17f530:   000000007ffe0384 000000007ffe0385
0x000000001a17f540:   00007ff8f0f70e20 00007ff8bc5c8060
0x000000001a17f550:   000072bd17e3e000 00007ff8bc530000
0x000000001a17f560:   0000000000000000 00000000616c3384 

Instructions: (pc=0x00000000616c584a)
0x00000000616c582a:   83 c4 20 5d c3 cc 40 53 48 83 ec 20 48 8b 1d cb
0x00000000616c583a:   5b 01 00 48 85 db 74 1a e8 19 93 ff ff 48 8b d3
0x00000000616c584a:   4c 8b 00 48 8b c8 48 83 c4 20 5b 49 ff a0 b0 00
0x00000000616c585a:   00 00 48 83 c4 20 5b c3 cc cc cc cc cc cc cc cc 


Register to memory mapping:

RAX=0x0000000000000000 is an unknown value
RBX=0x00000000033d2800 is a global jni handle
RCX=0x00000000183a9800 is an unknown value
RDX=0x00000000033d2800 is a global jni handle
RSP=0x000000001a17f470 is an unknown value
RBP=0x00000000011f8fe0 is an unknown value
RSI=0x0000000000000001 is an unknown value
RDI=0x0000000000000000 is an unknown value
R8 =0x0000000000010002 is an unknown value
R9 =0x0000000000000001 is an unknown value
R10=0x0000000001290000 is an unknown value
R11=0x000000001a17f3d0 is an unknown value
R12=0x00000000011f9010 is an unknown value
R13=0x00000000011f8fe0 is an unknown value
R14=0x00000000011f8ff0 is an unknown value
R15=0x0000000000000000 is an unknown value


Stack: [0x000000001a080000,0x000000001a180000],  sp=0x000000001a17f470,  free space=1021k
Native frames: (J=compiled Java code, j=interpreted, Vv=VM code, C=native code)
C  [glass.dll+0x2584a]
C  [glass.dll+0x23224]
C  [glass.dll+0x234a6]
C  [ntdll.dll+0x3fd17]
C  [ntdll.dll+0x54290]
C  [ntdll.dll+0x540fd]
C  [KERNEL32.DLL+0x1c66b]
C  [msvcr100.dll+0x20ccd]
V  [jvm.dll+0x212ca5]
V  [jvm.dll+0x24ba27]
V  [jvm.dll+0x24acc6]
V  [jvm.dll+0x24b161]
V  [jvm.dll+0x24b37e]
V  [jvm.dll+0x29c43a]
C  [msvcr100.dll+0x21d9f]
C  [msvcr100.dll+0x21e3b]
C  [KERNEL32.DLL+0x154e0]
C  [ntdll.dll+0x485b]

VM_Operation (0x000000001bd34de0): Exit, mode: safepoint, requested by thread 0x000000001b15d000


---------------  P R O C E S S  ---------------

Java Threads: ( => current thread )
  0x000000001b438000 JavaThread "Prism Font Disposer" daemon [_thread_blocked, id=11308, stack(0x0000000023370000,0x0000000023470000)]
  0x000000001b1e2000 JavaThread "Thread-3" daemon [_thread_in_native, id=868, stack(0x0000000020810000,0x0000000020910000)]
  0x000000001b1be000 JavaThread "JavaFX-Launcher" [_thread_blocked, id=8740, stack(0x0000000020a10000,0x0000000020b10000)]
  0x000000001b15d000 JavaThread "JavaFX Application Thread" [_thread_blocked, id=9712, stack(0x000000001bc40000,0x000000001bd40000)]
  0x000000001b137000 JavaThread "Thread-1" daemon [_thread_blocked, id=3864, stack(0x000000001bb40000,0x000000001bc40000)]
  0x000000001b14f000 JavaThread "QuantumRenderer-0" daemon [_thread_blocked, id=11008, stack(0x000000001b8b0000,0x000000001b9b0000)]
  0x000000001a305800 JavaThread "Service Thread" daemon [_thread_blocked, id=9964, stack(0x000000001aeb0000,0x000000001afb0000)]
  0x000000001a2c0000 JavaThread "C1 CompilerThread3" daemon [_thread_blocked, id=8228, stack(0x000000001adb0000,0x000000001aeb0000)]
  0x000000001a2bc000 JavaThread "C2 CompilerThread2" daemon [_thread_blocked, id=9064, stack(0x000000001acb0000,0x000000001adb0000)]
  0x000000001a2b9000 JavaThread "C2 CompilerThread1" daemon [_thread_blocked, id=1920, stack(0x000000001abb0000,0x000000001acb0000)]
  0x000000001a2aa800 JavaThread "C2 CompilerThread0" daemon [_thread_blocked, id=15164, stack(0x000000001aab0000,0x000000001abb0000)]
  0x000000001a2a9800 JavaThread "Attach Listener" daemon [_thread_blocked, id=13928, stack(0x000000001a9b0000,0x000000001aab0000)]
  0x00000000183be800 JavaThread "Signal Dispatcher" daemon [_thread_blocked, id=15904, stack(0x000000001a8b0000,0x000000001a9b0000)]
  0x00000000033fd800 JavaThread "Finalizer" daemon [_thread_blocked, id=10808, stack(0x000000001a680000,0x000000001a780000)]
  0x00000000033f6800 JavaThread "Reference Handler" daemon [_thread_blocked, id=14932, stack(0x000000001a180000,0x000000001a280000)]
  0x0000000003301000 JavaThread "main" [_thread_blocked, id=4400, stack(0x0000000003110000,0x0000000003210000)]

Other Threads:
=>0x00000000183a9800 VMThread [stack: 0x000000001a080000,0x000000001a180000] [id=13132]

VM state:at safepoint (shutting down)

VM Mutex/Monitor currently owned by a thread:  ([mutex/lock_event])
[0x00000000032fc2e0] Threads_lock - owner thread: 0x00000000183a9800

Heap:
 PSYoungGen      total 38400K, used 31095K [0x00000000d5d00000, 0x00000000d8780000, 0x0000000100000000)
  eden space 33280K, 78% used [0x00000000d5d00000,0x00000000d7660db0,0x00000000d7d80000)
  from space 5120K, 99% used [0x00000000d7d80000,0x00000000d827d1a0,0x00000000d8280000)
  to   space 5120K, 0% used [0x00000000d8280000,0x00000000d8280000,0x00000000d8780000)
 ParOldGen       total 87552K, used 4627K [0x0000000081600000, 0x0000000086b80000, 0x00000000d5d00000)
  object space 87552K, 5% used [0x0000000081600000,0x0000000081a84d18,0x0000000086b80000)
 Metaspace       used 17025K, capacity 17786K, committed 18048K, reserved 1064960K
  class space    used 2390K, capacity 2594K, committed 2688K, reserved 1048576K

Card table byte_map: [0x00000000127c0000,0x0000000012bc0000] byte_map_base: 0x00000000123b5000

Marking Bits: (ParMarkBitMap*) 0x0000000061fda6c0
 Begin Bits: [0x0000000013670000, 0x0000000015618000)
 End Bits:   [0x0000000015618000, 0x00000000175c0000)

Polling page: 0x00000000017a0000

CodeCache: size=245760Kb used=6724Kb max_used=6724Kb free=239035Kb
 bounds [0x0000000003400000, 0x0000000003aa0000, 0x0000000012400000]
 total_blobs=2913 nmethods=2266 adapters=558
 compilation: enabled

Compilation events (10 events):
Event: 47.370 Thread 0x000000001a2c0000 nmethod 2259 0x0000000003a92610 code [0x0000000003a92760, 0x0000000003a92850]
Event: 49.002 Thread 0x000000001a2c0000 2263       3       com.sun.javafx.event.CompositeEventHandler::dispatchCapturingEvent (40 bytes)
Event: 49.003 Thread 0x000000001a2c0000 nmethod 2263 0x0000000003a928d0 code [0x0000000003a92a60, 0x0000000003a92e88]
Event: 49.226 Thread 0x000000001a2c0000 2264       3       com.sun.javafx.css.PseudoClassState::cast (6 bytes)
Event: 49.227 Thread 0x000000001a2c0000 nmethod 2264 0x0000000003a92fd0 code [0x0000000003a93160, 0x0000000003a93568]
Event: 49.227 Thread 0x000000001a2c0000 2265       3       com.sun.javafx.css.PseudoClassState::cast (21 bytes)
Event: 49.228 Thread 0x000000001a2c0000 nmethod 2265 0x0000000003a936d0 code [0x0000000003a93840, 0x0000000003a93b88]
Event: 49.232 Thread 0x000000001a2c0000 2267       3       java.lang.invoke.DirectMethodHandle::maybeCompile (18 bytes)
Event: 49.233 Thread 0x000000001a2c0000 nmethod 2267 0x0000000003a93c90 code [0x0000000003a93e00, 0x0000000003a94098]
Event: 49.233 Thread 0x000000001a2c0000 2268       3       java.lang.invoke.DirectMethodHandle::<init> (132 bytes)

GC Heap History (2 events):
Event: 1.241 GC heap before
{Heap before GC invocations=1 (full 0):
 PSYoungGen      total 38400K, used 33280K [0x00000000d5d00000, 0x00000000d8780000, 0x0000000100000000)
  eden space 33280K, 100% used [0x00000000d5d00000,0x00000000d7d80000,0x00000000d7d80000)
  from space 5120K, 0% used [0x00000000d8280000,0x00000000d8280000,0x00000000d8780000)
  to   space 5120K, 0% used [0x00000000d7d80000,0x00000000d7d80000,0x00000000d8280000)
 ParOldGen       total 87552K, used 0K [0x0000000081600000, 0x0000000086b80000, 0x00000000d5d00000)
  object space 87552K, 0% used [0x0000000081600000,0x0000000081600000,0x0000000086b80000)
 Metaspace       used 13337K, capacity 13786K, committed 14080K, reserved 1060864K
  class space    used 1788K, capacity 1929K, committed 2048K, reserved 1048576K
Event: 1.246 GC heap after
Heap after GC invocations=1 (full 0):
 PSYoungGen      total 38400K, used 5108K [0x00000000d5d00000, 0x00000000d8780000, 0x0000000100000000)
  eden space 33280K, 0% used [0x00000000d5d00000,0x00000000d5d00000,0x00000000d7d80000)
  from space 5120K, 99% used [0x00000000d7d80000,0x00000000d827d1a0,0x00000000d8280000)
  to   space 5120K, 0% used [0x00000000d8280000,0x00000000d8280000,0x00000000d8780000)
 ParOldGen       total 87552K, used 4627K [0x0000000081600000, 0x0000000086b80000, 0x00000000d5d00000)
  object space 87552K, 5% used [0x0000000081600000,0x0000000081a84d18,0x0000000086b80000)
 Metaspace       used 13337K, capacity 13786K, committed 14080K, reserved 1060864K
  class space    used 1788K, capacity 1929K, committed 2048K, reserved 1048576K
}

Deoptimization events (10 events):
Event: 1.232 Thread 0x000000001b15d000 Uncommon trap: reason=class_check action=maybe_recompile pc=0x00000000035200f0 method=java.lang.String.equals(Ljava/lang/Object;)Z @ 8
Event: 1.232 Thread 0x000000001b15d000 Uncommon trap: reason=class_check action=maybe_recompile pc=0x00000000035200f0 method=java.lang.String.equals(Ljava/lang/Object;)Z @ 8
Event: 1.310 Thread 0x000000001b15d000 Uncommon trap: reason=unstable_if action=reinterpret pc=0x000000000374bee8 method=jdk.internal.org.objectweb.asm.Type.getArgumentsAndReturnSizes(Ljava/lang/String;)I @ 47
Event: 6.136 Thread 0x000000001b15d000 Uncommon trap: reason=unstable_if action=reinterpret pc=0x0000000003677fa0 method=com.sun.javafx.image.impl.ByteBgra$ToByteBgraPreConv.doConvert([BII[BIIII)V @ 80
Event: 6.136 Thread 0x000000001b15d000 Uncommon trap: reason=unstable_if action=reinterpret pc=0x00000000036777dc method=com.sun.javafx.image.impl.ByteBgra$ToByteBgraPreConv.doConvert([BII[BIIII)V @ 80
Event: 6.137 Thread 0x000000001b15d000 Uncommon trap: reason=unstable_if action=reinterpret pc=0x000000000361c9dc method=sun.nio.cs.UTF_8$Encoder.encode([CII[B)I @ 33
Event: 6.148 Thread 0x000000001b15d000 Uncommon trap: reason=class_check action=maybe_recompile pc=0x00000000035200f0 method=java.lang.String.equals(Ljava/lang/Object;)Z @ 8
Event: 43.104 Thread 0x000000001b15d000 Uncommon trap: reason=unstable_if action=reinterpret pc=0x0000000003a66efc method=com.sun.javafx.iio.png.PNGImageLoader2.decodePalette([BLcom/sun/javafx/iio/ImageMetadata;)Lcom/sun/javafx/iio/ImageFrame; @ 155
Event: 49.231 Thread 0x000000001a33b800 Uncommon trap: reason=unstable_if action=reinterpret pc=0x0000000003a5ec88 method=java.util.concurrent.locks.ReentrantLock$NonfairSync.lock()V @ 6
Event: 49.231 Thread 0x000000001a33b800 Uncommon trap: reason=unstable_if action=reinterpret pc=0x0000000003a12b80 method=java.util.concurrent.locks.ReentrantLock$Sync.tryRelease(I)Z @ 28

Internal exceptions (10 events):
Event: 0.370 Thread 0x0000000003301000 Exception <a 'java/security/PrivilegedActionException'> (0x00000000d5fd0898) thrown at [C:\re\workspace\8-2-build-windows-amd64-cygwin\jdk8u111\7883\hotspot\src\share\vm\prims\jvm.cpp, line 1386]
Event: 0.371 Thread 0x0000000003301000 Exception <a 'java/security/PrivilegedActionException'> (0x00000000d5fd4780) thrown at [C:\re\workspace\8-2-build-windows-amd64-cygwin\jdk8u111\7883\hotspot\src\share\vm\prims\jvm.cpp, line 1386]
Event: 0.371 Thread 0x0000000003301000 Exception <a 'java/security/PrivilegedActionException'> (0x00000000d5fd4990) thrown at [C:\re\workspace\8-2-build-windows-amd64-cygwin\jdk8u111\7883\hotspot\src\share\vm\prims\jvm.cpp, line 1386]
Event: 0.371 Thread 0x0000000003301000 Exception <a 'java/lang/NullPointerException'> (0x00000000d5fd4f68) thrown at [C:\re\workspace\8-2-build-windows-amd64-cygwin\jdk8u111\7883\hotspot\src\share\vm\interpreter\linkResolver.cpp, line 1178]
Event: 0.851 Thread 0x000000001b15d000 Exception <a 'java/lang/NullPointerException'> (0x00000000d697e428) thrown at [C:\re\workspace\8-2-build-windows-amd64-cygwin\jdk8u111\7883\hotspot\src\share\vm\interpreter\linkResolver.cpp, line 1178]
Event: 0.851 Thread 0x000000001b15d000 Exception <a 'java/lang/NullPointerException'> (0x00000000d697e428) thrown at [C:\re\workspace\8-2-build-windows-amd64-cygwin\jdk8u111\7883\hotspot\src\share\vm\prims\jvm.cpp, line 1390]
Event: 1.001 Thread 0x000000001b15d000 Exception <a 'java/lang/ArrayIndexOutOfBoundsException'> (0x00000000d74f0e18) thrown at [C:\re\workspace\8-2-build-windows-amd64-cygwin\jdk8u111\7883\hotspot\src\share\vm\runtime\sharedRuntime.cpp, line 605]
Event: 1.001 Thread 0x000000001b15d000 Exception <a 'java/lang/ArrayIndexOutOfBoundsException'> (0x00000000d74f1b18) thrown at [C:\re\workspace\8-2-build-windows-amd64-cygwin\jdk8u111\7883\hotspot\src\share\vm\runtime\sharedRuntime.cpp, line 605]
Event: 1.001 Thread 0x000000001b15d000 Exception <a 'java/lang/ArrayIndexOutOfBoundsException'> (0x00000000d74f2ec0) thrown at [C:\re\workspace\8-2-build-windows-amd64-cygwin\jdk8u111\7883\hotspot\src\share\vm\runtime\sharedRuntime.cpp, line 605]
Event: 49.233 Thread 0x000000001a33b800 Exception <a 'java/lang/IllegalStateException'> (0x00000000d763d7f0) thrown at [C:\re\workspace\8-2-build-windows-amd64-cygwin\jdk8u111\7883\hotspot\src\share\vm\prims\jvm.cpp, line 1390]

Events (10 events):
Event: 49.231 Thread 0x000000001a33b800 DEOPT UNPACKING pc=0x000000000344582a sp=0x000000002e89e5e0 mode 2
Event: 49.231 Thread 0x000000001a33b800 Uncommon trap: trap_request=0xffffff65 fr.pc=0x0000000003a12b80
Event: 49.231 Thread 0x000000001a33b800 DEOPT PACKING pc=0x0000000003a12b80 sp=0x000000002e89e630
Event: 49.231 Thread 0x000000001a33b800 DEOPT UNPACKING pc=0x000000000344582a sp=0x000000002e89e5b8 mode 2
Event: 49.232 loading class com/sun/javafx/tk/quantum/QuantumToolkit
Event: 49.232 loading class com/sun/javafx/tk/quantum/QuantumToolkit done
Event: 49.232 loading class com/sun/prism/ResourceFactoryListener
Event: 49.232 loading class com/sun/prism/ResourceFactoryListener done
Event: 49.233 Thread 0x000000001a33b800 Thread exited: 0x000000001a33b800
Event: 49.233 Executing VM operation: Exit


Dynamic libraries:
0x00007ff743940000 - 0x00007ff743977000 	C:\Program Files\Java\jdk1.8.0_111\bin\java.exe
0x00007ff8f0e40000 - 0x00007ff8f1049000 	C:\WINDOWS\SYSTEM32\ntdll.dll
0x00007ff8ef4f0000 - 0x00007ff8ef5ad000 	C:\WINDOWS\System32\KERNEL32.DLL
0x00007ff8ee540000 - 0x00007ff8ee8b4000 	C:\WINDOWS\System32\KERNELBASE.dll
0x00007ff8f0bb0000 - 0x00007ff8f0c5e000 	C:\WINDOWS\System32\ADVAPI32.dll
0x00007ff8ef5e0000 - 0x00007ff8ef683000 	C:\WINDOWS\System32\msvcrt.dll
0x00007ff8f0050000 - 0x00007ff8f00ee000 	C:\WINDOWS\System32\sechost.dll
0x00007ff8eece0000 - 0x00007ff8eee00000 	C:\WINDOWS\System32\RPCRT4.dll
0x00007ff8eefc0000 - 0x00007ff8ef16c000 	C:\WINDOWS\System32\USER32.dll
0x00007ff8ee510000 - 0x00007ff8ee536000 	C:\WINDOWS\System32\win32u.dll
0x00007ff8ef5b0000 - 0x00007ff8ef5d9000 	C:\WINDOWS\System32\GDI32.dll
0x00007ff8eebc0000 - 0x00007ff8eecd2000 	C:\WINDOWS\System32\gdi32full.dll
0x00007ff8ee470000 - 0x00007ff8ee50d000 	C:\WINDOWS\System32\msvcp_win.dll
0x00007ff8eeaa0000 - 0x00007ff8eebb1000 	C:\WINDOWS\System32\ucrtbase.dll
0x00007ff8dd620000 - 0x00007ff8dd8c5000 	C:\WINDOWS\WinSxS\amd64_microsoft.windows.common-controls_6595b64144ccf1df_6.0.22000.120_none_9d947278b86cc467\COMCTL32.dll
0x00007ff8ef4b0000 - 0x00007ff8ef4e1000 	C:\WINDOWS\System32\IMM32.DLL
0x0000000062060000 - 0x0000000062132000 	C:\Program Files\Java\jdk1.8.0_111\jre\bin\msvcr100.dll
0x00000000617c0000 - 0x000000006205a000 	C:\Program Files\Java\jdk1.8.0_111\jre\bin\server\jvm.dll
0x00007ff8f0470000 - 0x00007ff8f0478000 	C:\WINDOWS\System32\PSAPI.DLL
0x00007ff8e2020000 - 0x00007ff8e2029000 	C:\WINDOWS\SYSTEM32\WSOCK32.dll
0x00007ff8ef370000 - 0x00007ff8ef3df000 	C:\WINDOWS\System32\WS2_32.dll
0x00007ff8eaf60000 - 0x00007ff8eaf93000 	C:\WINDOWS\SYSTEM32\WINMM.dll
0x00007ff8e78f0000 - 0x00007ff8e78fa000 	C:\WINDOWS\SYSTEM32\VERSION.dll
0x00000000617b0000 - 0x00000000617bf000 	C:\Program Files\Java\jdk1.8.0_111\jre\bin\verify.dll
0x0000000061780000 - 0x00000000617a9000 	C:\Program Files\Java\jdk1.8.0_111\jre\bin\java.dll
0x0000000061760000 - 0x0000000061776000 	C:\Program Files\Java\jdk1.8.0_111\jre\bin\zip.dll
0x00007ff8ef690000 - 0x00007ff8efe3f000 	C:\WINDOWS\System32\SHELL32.dll
0x00007ff8ec3a0000 - 0x00007ff8ecc08000 	C:\WINDOWS\SYSTEM32\windows.storage.dll
0x00007ff8f00f0000 - 0x00007ff8f0468000 	C:\WINDOWS\System32\combase.dll
0x00007ff8ec000000 - 0x00007ff8ec166000 	C:\WINDOWS\SYSTEM32\wintypes.dll
0x00007ff8efe40000 - 0x00007ff8eff2a000 	C:\WINDOWS\System32\SHCORE.dll
0x00007ff8ef450000 - 0x00007ff8ef4ad000 	C:\WINDOWS\System32\shlwapi.dll
0x00007ff8ee260000 - 0x00007ff8ee281000 	C:\WINDOWS\SYSTEM32\profapi.dll
0x00007ff8bbf10000 - 0x00007ff8bbfff000 	C:\Program Files\Java\jdk1.8.0_111\jre\bin\msvcr120.dll
0x00007ff8b7970000 - 0x00007ff8b7a16000 	C:\Program Files\Java\jdk1.8.0_111\jre\bin\msvcp120.dll
0x00000000616f0000 - 0x0000000061712000 	C:\Program Files\Java\jdk1.8.0_111\jre\bin\prism_d3d.dll
0x00007ff88f6c0000 - 0x00007ff88f866000 	C:\WINDOWS\system32\d3d9.dll
0x00007ff8ed430000 - 0x00007ff8ed448000 	C:\WINDOWS\SYSTEM32\kernel.appcore.dll
0x00007ff8eb9c0000 - 0x00007ff8eb9ef000 	C:\WINDOWS\SYSTEM32\dwmapi.dll
0x00007ff8eb350000 - 0x00007ff8eb388000 	C:\WINDOWS\SYSTEM32\dxcore.dll
0x00007ff8eb010000 - 0x00007ff8eb0bc000 	C:\WINDOWS\system32\uxtheme.dll
0x00007ff8e7bb0000 - 0x00007ff8e7bf4000 	C:\WINDOWS\SYSTEM32\directxdatabasehelper.dll
0x00007ff8eb470000 - 0x00007ff8eb4a4000 	C:\WINDOWS\SYSTEM32\ntmarta.dll
0x00000000616a0000 - 0x00000000616e3000 	C:\Program Files\Java\jdk1.8.0_111\jre\bin\glass.dll
0x00007ff8f0ac0000 - 0x00007ff8f0bac000 	C:\WINDOWS\System32\COMDLG32.dll
0x00007ff8f0c60000 - 0x00007ff8f0dfa000 	C:\WINDOWS\System32\ole32.dll
0x00007ff8f0510000 - 0x00007ff8f05e6000 	C:\WINDOWS\System32\OLEAUT32.dll
0x00007ff8ef220000 - 0x00007ff8ef33e000 	C:\WINDOWS\System32\MSCTF.dll
0x00007ff8ee330000 - 0x00007ff8ee3af000 	C:\WINDOWS\System32\bcryptPrimitives.dll
0x0000000061680000 - 0x0000000061694000 	C:\Program Files\Java\jdk1.8.0_111\jre\bin\javafx_font.dll
0x00007ff8d3b40000 - 0x00007ff8d3d9f000 	C:\WINDOWS\SYSTEM32\dwrite.dll
0x00007ff8ef170000 - 0x00007ff8ef21f000 	C:\WINDOWS\System32\clbcatq.dll
0x00007ff8e20e0000 - 0x00007ff8e228e000 	C:\WINDOWS\SYSTEM32\WindowsCodecs.dll
0x00007ff8d2e20000 - 0x00007ff8d2e7d000 	C:\WINDOWS\system32\dataexchange.dll
0x00007ff8e1380000 - 0x00007ff8e15e6000 	C:\WINDOWS\system32\twinapi.appcore.dll
0x00007ff8e9890000 - 0x00007ff8e98c2000 	C:\Program Files\Common Files\Microsoft Shared\Ink\rtscom.dll
0x00007ff8d4390000 - 0x00007ff8d44bd000 	C:\WINDOWS\SYSTEM32\textinputframework.dll
0x00007ff8ea9c0000 - 0x00007ff8eaaf2000 	C:\WINDOWS\SYSTEM32\CoreMessaging.dll
0x00007ff8e6140000 - 0x00007ff8e64ad000 	C:\WINDOWS\SYSTEM32\CoreUIComponents.dll
0x00007ff8edac0000 - 0x00007ff8edacc000 	C:\WINDOWS\SYSTEM32\CRYPTBASE.DLL
0x0000000061650000 - 0x0000000061673000 	C:\Program Files\Java\jdk1.8.0_111\jre\bin\javafx_iio.dll
0x0000000061630000 - 0x0000000061641000 	C:\Program Files\Java\jdk1.8.0_111\jre\bin\prism_common.dll
0x00007ff8ebb70000 - 0x00007ff8ebc67000 	C:\WINDOWS\SYSTEM32\PROPSYS.dll
0x00007ff8edf10000 - 0x00007ff8edf5c000 	C:\WINDOWS\SYSTEM32\CFGMGR32.dll
0x00007ff8c74f0000 - 0x00007ff8c76af000 	C:\WINDOWS\SYSTEM32\DUI70.dll
0x00007ff8d3620000 - 0x00007ff8d36b9000 	C:\WINDOWS\SYSTEM32\DUser.dll
0x00007ff8b6b50000 - 0x00007ff8b6bf6000 	C:\Program Files\Common Files\microsoft shared\ink\tiptsf.dll
0x00007ff8d2340000 - 0x00007ff8d23ee000 	C:\WINDOWS\SYSTEM32\TextShaping.dll
0x00007ff8cdaa0000 - 0x00007ff8cdac6000 	C:\WINDOWS\SYSTEM32\edputil.dll
0x00007ff8d2830000 - 0x00007ff8d2889000 	C:\WINDOWS\SYSTEM32\VAULTCLI.dll
0x00007ff8c9e70000 - 0x00007ff8ca0e0000 	C:\WINDOWS\system32\explorerframe.dll
0x00007ff8cdc40000 - 0x00007ff8cdca6000 	C:\Windows\System32\thumbcache.dll
0x00007ff8e8c80000 - 0x00007ff8e8d20000 	C:\WINDOWS\SYSTEM32\policymanager.dll
0x00007ff8e8a90000 - 0x00007ff8e8b22000 	C:\WINDOWS\SYSTEM32\msvcp110_win.dll
0x00007ff8d0fa0000 - 0x00007ff8d1070000 	C:\Windows\System32\Windows.UI.FileExplorer.dll
0x00007ff8df960000 - 0x00007ff8df9c9000 	C:\Windows\System32\OLEACC.dll
0x00007ff8e84c0000 - 0x00007ff8e84f7000 	C:\WINDOWS\system32\xmllite.dll
0x00007ff8bc530000 - 0x00007ff8bc96e000 	C:\Windows\System32\uiautomationcore.dll
0x00007ff8ed950000 - 0x00007ff8ed979000 	C:\Windows\System32\USERENV.dll
0x00007ff8ee120000 - 0x00007ff8ee1c2000 	C:\WINDOWS\SYSTEM32\sxs.dll
0x00007ff8e9dc0000 - 0x00007ff8e9dcd000 	C:\WINDOWS\SYSTEM32\atlthunk.dll
0x00007ff8c8c60000 - 0x00007ff8c8d16000 	C:\WINDOWS\System32\StructuredQuery.dll
0x00007ff8d40f0000 - 0x00007ff8d410f000 	C:\WINDOWS\SYSTEM32\MPR.dll
0x00007ff8e78a0000 - 0x00007ff8e78cc000 	C:\WINDOWS\System32\p9np.dll
0x00007ff8e8850000 - 0x00007ff8e885c000 	C:\WINDOWS\System32\drprov.dll
0x00007ff8e7e00000 - 0x00007ff8e7e20000 	C:\WINDOWS\System32\ntlanman.dll
0x00007ff8e42e0000 - 0x00007ff8e42fe000 	C:\WINDOWS\System32\davclnt.dll
0x00007ff8ee0b0000 - 0x00007ff8ee113000 	C:\WINDOWS\System32\WINSTA.dll
0x00007ff8c8f80000 - 0x00007ff8c8ff7000 	C:\Windows\System32\Windows.FileExplorer.Common.dll
0x00007ff8e6870000 - 0x00007ff8e688a000 	C:\WINDOWS\System32\wkscli.dll
0x00007ff8e5b40000 - 0x00007ff8e5df3000 	C:\Windows\System32\iertutil.dll
0x00007ff8d2280000 - 0x00007ff8d2292000 	C:\WINDOWS\SYSTEM32\cscapi.dll
0x00007ff8ecf20000 - 0x00007ff8ecf2c000 	C:\WINDOWS\System32\netutils.dll
0x00007ff8e1ee0000 - 0x00007ff8e2014000 	C:\Windows\System32\Windows.StateRepositoryPS.dll
0x00007ff8ca0e0000 - 0x00007ff8ca11e000 	C:\WINDOWS\SYSTEM32\windows.staterepositoryclient.dll
0x00007ff8eae20000 - 0x00007ff8eaeb1000 	C:\WINDOWS\SYSTEM32\apphelp.dll
0x00007ff8d0f40000 - 0x00007ff8d0f97000 	C:\Windows\System32\dlnashext.dll
0x00007ff8d8710000 - 0x00007ff8d877e000 	C:\Windows\System32\PlayToDevice.dll
0x00007ff8c81c0000 - 0x00007ff8c81e1000 	C:\Windows\System32\DevDispItemProvider.dll
0x00007ff8effb0000 - 0x00007ff8f002b000 	C:\WINDOWS\System32\coml2.dll
0x00007ff8e7890000 - 0x00007ff8e789d000 	C:\WINDOWS\SYSTEM32\LINKINFO.dll
0x00007ff8d7c00000 - 0x00007ff8d7cc8000 	C:\Windows\System32\twinapi.dll
0x00007ff8e22d0000 - 0x00007ff8e240b000 	C:\Windows\System32\Windows.System.Launcher.dll
0x00007ff8e6120000 - 0x00007ff8e613b000 	C:\WINDOWS\SYSTEM32\windows.staterepositorycore.dll
0x00007ff8e5f20000 - 0x00007ff8e5fbc000 	C:\WINDOWS\System32\MMDevApi.dll
0x00007ff8edf60000 - 0x00007ff8edf8c000 	C:\WINDOWS\System32\DEVOBJ.dll
0x00007ff8bdb30000 - 0x00007ff8bdc06000 	C:\WINDOWS\system32\Windows.Storage.Search.dll
0x00007ff8b6aa0000 - 0x00007ff8b6b42000 	C:\WINDOWS\system32\wpdshext.dll
0x00007ff8c9000000 - 0x00007ff8c91b3000 	C:\WINDOWS\WinSxS\amd64_microsoft.windows.gdiplus_6595b64144ccf1df_1.1.22000.434_none_ce836c1412fb9b57\gdiplus.dll
0x00007ff8be4a0000 - 0x00007ff8be53e000 	C:\Windows\System32\PortableDeviceApi.dll
0x00007ff8f0650000 - 0x00007ff8f0abc000 	C:\WINDOWS\System32\SETUPAPI.dll
0x00007ff8ee8c0000 - 0x00007ff8ee927000 	C:\WINDOWS\System32\WINTRUST.dll
0x00007ff8ee930000 - 0x00007ff8eea92000 	C:\WINDOWS\System32\CRYPT32.dll
0x00007ff8edb00000 - 0x00007ff8edb12000 	C:\WINDOWS\SYSTEM32\MSASN1.dll
0x00007ff8cb4f0000 - 0x00007ff8cb527000 	C:\Windows\System32\EhStorShell.dll
0x00007ff8e3330000 - 0x00007ff8e3355000 	C:\Windows\System32\EhStorAPI.dll
0x00007ff8ecc20000 - 0x00007ff8ecc34000 	C:\Windows\System32\WTSAPI32.dll
0x00007ff8cd810000 - 0x00007ff8cd832000 	C:\WINDOWS\SYSTEM32\cldapi.dll
0x00007ff8ed650000 - 0x00007ff8ed692000 	C:\WINDOWS\SYSTEM32\SspiCli.dll
0x00007ff8ca120000 - 0x00007ff8ca14b000 	C:\WINDOWS\system32\mssprxy.dll
0x00007ff8c8da0000 - 0x00007ff8c8e20000 	C:\WINDOWS\system32\ntshrui.dll
0x00007ff8e60d0000 - 0x00007ff8e60f8000 	C:\WINDOWS\system32\srvcli.dll
0x00007ff8d7760000 - 0x00007ff8d7778000 	C:\WINDOWS\system32\NetworkExplorer.dll
0x00007ff8bea30000 - 0x00007ff8bebec000 	C:\Users\31285\AppData\Local\Microsoft\OneDrive\22.065.0412.0004\FileSyncShell64.dll
0x00007ff8debb0000 - 0x00007ff8df0aa000 	C:\WINDOWS\SYSTEM32\WININET.dll
0x00007ff8edc20000 - 0x00007ff8edc47000 	C:\WINDOWS\SYSTEM32\bcrypt.dll
0x00007ff8dc360000 - 0x00007ff8dc36c000 	C:\WINDOWS\SYSTEM32\Secur32.dll
0x00007ff8ddfa0000 - 0x00007ff8de7b6000 	C:\Windows\System32\OneCoreUAPCommonProxyStub.dll

VM Arguments:
jvm_args: -Dfile.encoding=UTF-8 
java_command: C:\Users\31285\OneDrive\Escritorio\Semestre\Proyecto Java\MarketPlace\dist\run33066100\MarketPlace.jar
java_class_path (initial): C:\Users\31285\OneDrive\Escritorio\Semestre\Proyecto Java\MarketPlace\dist\run33066100\MarketPlace.jar
Launcher Type: SUN_STANDARD

Environment Variables:
PATH=C:\ProgramData\Oracle\Java\javapath;C:\Program Files\Common Files\Oracle\Java\javapath;C:\Program Files (x86)\Intel\Intel(R) Management Engine Components\iCLS\;C:\Program Files\Intel\Intel(R) Management Engine Components\iCLS\;C:\WINDOWS\system32;C:\WINDOWS;C:\WINDOWS\System32\Wbem;C:\WINDOWS\System32\WindowsPowerShell\v1.0\;C:\WINDOWS\System32\OpenSSH\;C:\Program Files (x86)\Intel\Intel(R) Management Engine Components\DAL;C:\Program Files\Intel\Intel(R) Management Engine Components\DAL;C:\Program Files (x86)\Intel\Intel(R) Management Engine Components\IPT;C:\Program Files\Intel\Intel(R) Management Engine Components\IPT;C:\Users\31285\AppData\Local\Microsoft\WindowsApps;;C:\Users\31285\AppData\Local\Programs\Microsoft VS Code\bin
USERNAME=31285
OS=Windows_NT
PROCESSOR_IDENTIFIER=Intel64 Family 6 Model 142 Stepping 10, GenuineIntel



---------------  S Y S T E M  ---------------

OS: Windows 10.0 , 64 bit Build 22000 (10.0.22000.613)

CPU:total 8 (4 cores per cpu, 2 threads per core) family 6 model 142 stepping 10, cmov, cx8, fxsr, mmx, sse, sse2, sse3, ssse3, sse4.1, sse4.2, popcnt, avx, avx2, aes, clmul, erms, 3dnowpref, lzcnt, ht, tsc, tscinvbit, bmi1, bmi2, adx

Memory: 4k page, physical 8295652k(2166672k free), swap 9737444k(2374832k free)

vm_info: Java HotSpot(TM) 64-Bit Server VM (25.111-b14) for windows-amd64 JRE (1.8.0_111-b14), built on Sep 22 2016 19:24:05 by "java_re" with MS VC++ 10.0 (VS2010)

time: Thu Apr 21 17:11:05 2022
elapsed time: 49 seconds (0d 0h 0m 49s)

