#
# A fatal error has been detected by the Java Runtime Environment:
#
#  EXCEPTION_ACCESS_VIOLATION (0xc0000005) at pc=0x000000005b35584a, pid=8256, tid=0x0000000000002978
#
# JRE version: Java(TM) SE Runtime Environment (8.0_111-b14) (build 1.8.0_111-b14)
# Java VM: Java HotSpot(TM) 64-Bit Server VM (25.111-b14 mixed mode windows-amd64 compressed oops)
# Problematic frame:
# C  [glass.dll+0x2584a]
#
# Failed to write core dump. Minidumps are not enabled by default on client versions of Windows
#
# If you would like to submit a bug report, please visit:
#   http://bugreport.java.com/bugreport/crash.jsp
#

---------------  T H R E A D  ---------------

Current thread (0x00000000180f9800):  VMThread [stack: 0x0000000019dc0000,0x0000000019ec0000] [id=10616]

siginfo: ExceptionCode=0xc0000005, reading address 0x0000000000000000

Registers:
RAX=0x0000000000000000, RBX=0x000000001af4fc48, RCX=0x00000000180f9800, RDX=0x000000001af4fc48
RSP=0x0000000019ebf5f0, RBP=0x00000000010e9410, RSI=0x0000000000000001, RDI=0x0000000000000000
R8 =0x0000000000010002, R9 =0x0000000000000001, R10=0x0000000000f20000, R11=0x0000000019ebf550
R12=0x00000000010e9440, R13=0x00000000010e9410, R14=0x00000000010e9420, R15=0x0000000000000000
RIP=0x000000005b35584a, EFLAGS=0x0000000000010206

Top of Stack: (sp=0x0000000019ebf5f0)
0x0000000019ebf5f0:   0000000000000000 000000005b355900
0x0000000019ebf600:   0000000000000001 00000000010e9440
0x0000000019ebf610:   000000005b355830 000000005b353224
0x0000000019ebf620:   00007ffe179286e0 000000005b355a60
0x0000000019ebf630:   00000000010e9410 0000000000000001
0x0000000019ebf640:   0000000000000001 000000005b330000
0x0000000019ebf650:   0000000003041658 000000005b3534a6
0x0000000019ebf660:   0000000000000001 0000000017f856d0
0x0000000019ebf670:   0000000000000000 000000005b353384
0x0000000019ebf680:   c000000500000001 0000000019ebe680
0x0000000019ebf690:   000000005b330000 00007ffe19fdfd17
0x0000000019ebf6a0:   000000007ffe0385 0000000000000000
0x0000000019ebf6b0:   000000007ffe0384 000000007ffe0385
0x0000000019ebf6c0:   00007ffe1a0d0e20 00007ffde71c8060
0x0000000019ebf6d0:   00002a08b7c19f00 00007ffde7130000
0x0000000019ebf6e0:   0000000000000000 000000005b353384 

Instructions: (pc=0x000000005b35584a)
0x000000005b35582a:   83 c4 20 5d c3 cc 40 53 48 83 ec 20 48 8b 1d cb
0x000000005b35583a:   5b 01 00 48 85 db 74 1a e8 19 93 ff ff 48 8b d3
0x000000005b35584a:   4c 8b 00 48 8b c8 48 83 c4 20 5b 49 ff a0 b0 00
0x000000005b35585a:   00 00 48 83 c4 20 5b c3 cc cc cc cc cc cc cc cc 


Register to memory mapping:

RAX=0x0000000000000000 is an unknown value
RBX=0x000000001af4fc48 is a global jni handle
RCX=0x00000000180f9800 is an unknown value
RDX=0x000000001af4fc48 is a global jni handle
RSP=0x0000000019ebf5f0 is an unknown value
RBP=0x00000000010e9410 is an unknown value
RSI=0x0000000000000001 is an unknown value
RDI=0x0000000000000000 is an unknown value
R8 =0x0000000000010002 is an unknown value
R9 =0x0000000000000001 is an unknown value
R10=0x0000000000f20000 is an unknown value
R11=0x0000000019ebf550 is an unknown value
R12=0x00000000010e9440 is an unknown value
R13=0x00000000010e9410 is an unknown value
R14=0x00000000010e9420 is an unknown value
R15=0x0000000000000000 is an unknown value


Stack: [0x0000000019dc0000,0x0000000019ec0000],  sp=0x0000000019ebf5f0,  free space=1021k
Native frames: (J=compiled Java code, j=interpreted, Vv=VM code, C=native code)
C  [glass.dll+0x2584a]
C  [glass.dll+0x23224]
C  [glass.dll+0x234a6]
C  [ntdll.dll+0x3fd17]
C  [ntdll.dll+0x54290]
C  [ntdll.dll+0x540fd]
C  [KERNEL32.DLL+0x1c66b]
C  [msvcr100.dll+0x20ccd]
V  [jvm.dll+0x212ca5]
V  [jvm.dll+0x24ba27]
V  [jvm.dll+0x24acc6]
V  [jvm.dll+0x24b161]
V  [jvm.dll+0x24b37e]
V  [jvm.dll+0x29c43a]
C  [msvcr100.dll+0x21d9f]
C  [msvcr100.dll+0x21e3b]
C  [KERNEL32.DLL+0x154e0]
C  [ntdll.dll+0x485b]

VM_Operation (0x000000001ba94df0): Exit, mode: safepoint, requested by thread 0x000000001ae85800


---------------  P R O C E S S  ---------------

Java Threads: ( => current thread )
  0x000000001b1b2800 JavaThread "Prism Font Disposer" daemon [_thread_blocked, id=17124, stack(0x0000000022880000,0x0000000022980000)]
  0x000000001af44800 JavaThread "Thread-3" daemon [_thread_in_native, id=9124, stack(0x0000000020570000,0x0000000020670000)]
  0x000000001af45800 JavaThread "JavaFX-Launcher" [_thread_blocked, id=12136, stack(0x0000000020770000,0x0000000020870000)]
  0x000000001ae85800 JavaThread "JavaFX Application Thread" [_thread_blocked, id=15476, stack(0x000000001b9a0000,0x000000001baa0000)]
  0x000000001ae80800 JavaThread "Thread-1" daemon [_thread_blocked, id=12880, stack(0x000000001b8a0000,0x000000001b9a0000)]
  0x000000001ae59800 JavaThread "QuantumRenderer-0" daemon [_thread_blocked, id=8660, stack(0x000000001b5f0000,0x000000001b6f0000)]
  0x000000001a087800 JavaThread "Service Thread" daemon [_thread_blocked, id=9220, stack(0x000000001abf0000,0x000000001acf0000)]
  0x0000000019ffa800 JavaThread "C1 CompilerThread3" daemon [_thread_blocked, id=7492, stack(0x000000001aaf0000,0x000000001abf0000)]
  0x0000000019ff0800 JavaThread "C2 CompilerThread2" daemon [_thread_blocked, id=1424, stack(0x000000001a9f0000,0x000000001aaf0000)]
  0x0000000019fed800 JavaThread "C2 CompilerThread1" daemon [_thread_blocked, id=4188, stack(0x000000001a8f0000,0x000000001a9f0000)]
  0x0000000019fe8000 JavaThread "C2 CompilerThread0" daemon [_thread_blocked, id=5448, stack(0x000000001a7f0000,0x000000001a8f0000)]
  0x0000000019fe6800 JavaThread "Attach Listener" daemon [_thread_blocked, id=6116, stack(0x000000001a6f0000,0x000000001a7f0000)]
  0x0000000019fe5000 JavaThread "Signal Dispatcher" daemon [_thread_blocked, id=8692, stack(0x000000001a5f0000,0x000000001a6f0000)]
  0x0000000019fe0800 JavaThread "Finalizer" daemon [_thread_blocked, id=15304, stack(0x000000001a3c0000,0x000000001a4c0000)]
  0x0000000003146000 JavaThread "Reference Handler" daemon [_thread_blocked, id=8116, stack(0x0000000019ec0000,0x0000000019fc0000)]
  0x0000000003051000 JavaThread "main" [_thread_blocked, id=7716, stack(0x0000000002ef0000,0x0000000002ff0000)]

Other Threads:
=>0x00000000180f9800 VMThread [stack: 0x0000000019dc0000,0x0000000019ec0000] [id=10616]

VM state:at safepoint (shutting down)

VM Mutex/Monitor currently owned by a thread:  ([mutex/lock_event])
[0x000000000304cbe0] Threads_lock - owner thread: 0x00000000180f9800

Heap:
 PSYoungGen      total 38400K, used 27591K [0x00000000d5d00000, 0x00000000d8780000, 0x0000000100000000)
  eden space 33280K, 67% used [0x00000000d5d00000,0x00000000d72f4e40,0x00000000d7d80000)
  from space 5120K, 99% used [0x00000000d7d80000,0x00000000d827d180,0x00000000d8280000)
  to   space 5120K, 0% used [0x00000000d8280000,0x00000000d8280000,0x00000000d8780000)
 ParOldGen       total 87552K, used 4544K [0x0000000081600000, 0x0000000086b80000, 0x00000000d5d00000)
  object space 87552K, 5% used [0x0000000081600000,0x0000000081a70120,0x0000000086b80000)
 Metaspace       used 17052K, capacity 17786K, committed 18048K, reserved 1064960K
  class space    used 2397K, capacity 2594K, committed 2688K, reserved 1048576K

Card table byte_map: [0x0000000012510000,0x0000000012910000] byte_map_base: 0x0000000012105000

Marking Bits: (ParMarkBitMap*) 0x000000005bc6a6c0
 Begin Bits: [0x00000000133c0000, 0x0000000015368000)
 End Bits:   [0x0000000015368000, 0x0000000017310000)

Polling page: 0x0000000001560000

CodeCache: size=245760Kb used=6538Kb max_used=6540Kb free=239221Kb
 bounds [0x0000000003150000, 0x00000000037c0000, 0x0000000012150000]
 total_blobs=2900 nmethods=2253 adapters=558
 compilation: enabled

Compilation events (10 events):
Event: 75.532 Thread 0x0000000019ffa800 nmethod 2273 0x000000000332b8d0 code [0x000000000332ba40, 0x000000000332bc88]
Event: 75.532 Thread 0x0000000019ffa800 2274       3       com.sun.javafx.util.Logging::getInputLogger (18 bytes)
Event: 75.533 Thread 0x0000000019ffa800 nmethod 2274 0x0000000003265c90 code [0x0000000003265e00, 0x0000000003265fe8]
Event: 75.622 Thread 0x0000000019fed800 2275       4       javafx.scene.Node::getGeomBounds (141 bytes)
Event: 75.634 Thread 0x0000000019fed800 nmethod 2275 0x000000000327abd0 code [0x000000000327ad60, 0x000000000327b078]
Event: 75.743 Thread 0x0000000019ffa800 2276       3       javafx.beans.property.ReadOnlyBooleanProperty::<init> (5 bytes)
Event: 75.744 Thread 0x0000000019ffa800 nmethod 2276 0x0000000003251dd0 code [0x0000000003251f40, 0x0000000003252150]
Event: 76.379 Thread 0x0000000019ffa800 2278       3       java.lang.invoke.DirectMethodHandle::maybeCompile (18 bytes)
Event: 76.380 Thread 0x0000000019ffa800 nmethod 2278 0x00000000032518d0 code [0x0000000003251a40, 0x0000000003251cd8]
Event: 76.380 Thread 0x0000000019ffa800 2279       3       java.lang.invoke.DirectMethodHandle::<init> (132 bytes)

GC Heap History (2 events):
Event: 0.965 GC heap before
{Heap before GC invocations=1 (full 0):
 PSYoungGen      total 38400K, used 33280K [0x00000000d5d00000, 0x00000000d8780000, 0x0000000100000000)
  eden space 33280K, 100% used [0x00000000d5d00000,0x00000000d7d80000,0x00000000d7d80000)
  from space 5120K, 0% used [0x00000000d8280000,0x00000000d8280000,0x00000000d8780000)
  to   space 5120K, 0% used [0x00000000d7d80000,0x00000000d7d80000,0x00000000d8280000)
 ParOldGen       total 87552K, used 0K [0x0000000081600000, 0x0000000086b80000, 0x00000000d5d00000)
  object space 87552K, 0% used [0x0000000081600000,0x0000000081600000,0x0000000086b80000)
 Metaspace       used 13136K, capacity 13518K, committed 13696K, reserved 1060864K
  class space    used 1761K, capacity 1889K, committed 1920K, reserved 1048576K
Event: 0.970 GC heap after
Heap after GC invocations=1 (full 0):
 PSYoungGen      total 38400K, used 5108K [0x00000000d5d00000, 0x00000000d8780000, 0x0000000100000000)
  eden space 33280K, 0% used [0x00000000d5d00000,0x00000000d5d00000,0x00000000d7d80000)
  from space 5120K, 99% used [0x00000000d7d80000,0x00000000d827d180,0x00000000d8280000)
  to   space 5120K, 0% used [0x00000000d8280000,0x00000000d8280000,0x00000000d8780000)
 ParOldGen       total 87552K, used 4544K [0x0000000081600000, 0x0000000086b80000, 0x00000000d5d00000)
  object space 87552K, 5% used [0x0000000081600000,0x0000000081a70120,0x0000000086b80000)
 Metaspace       used 13136K, capacity 13518K, committed 13696K, reserved 1060864K
  class space    used 1761K, capacity 1889K, committed 1920K, reserved 1048576K
}

Deoptimization events (10 events):
Event: 0.999 Thread 0x000000001ae85800 Uncommon trap: reason=class_check action=maybe_recompile pc=0x000000000326f730 method=java.lang.String.equals(Ljava/lang/Object;)Z @ 8
Event: 0.999 Thread 0x000000001ae85800 Uncommon trap: reason=class_check action=maybe_recompile pc=0x000000000326f730 method=java.lang.String.equals(Ljava/lang/Object;)Z @ 8
Event: 0.999 Thread 0x000000001ae85800 Uncommon trap: reason=class_check action=maybe_recompile pc=0x000000000326f730 method=java.lang.String.equals(Ljava/lang/Object;)Z @ 8
Event: 1.059 Thread 0x000000001ae85800 Uncommon trap: reason=unstable_if action=reinterpret pc=0x000000000347efa8 method=jdk.internal.org.objectweb.asm.Type.getArgumentsAndReturnSizes(Ljava/lang/String;)I @ 47
Event: 5.949 Thread 0x000000001ae85800 Uncommon trap: reason=unstable_if action=reinterpret pc=0x00000000033c9ba0 method=com.sun.javafx.image.impl.ByteBgra$ToByteBgraPreConv.doConvert([BII[BIIII)V @ 80
Event: 5.949 Thread 0x000000001ae85800 Uncommon trap: reason=unstable_if action=reinterpret pc=0x00000000033c871c method=com.sun.javafx.image.impl.ByteBgra$ToByteBgraPreConv.doConvert([BII[BIIII)V @ 80
Event: 5.951 Thread 0x000000001ae85800 Uncommon trap: reason=unstable_if action=reinterpret pc=0x00000000033652dc method=sun.nio.cs.UTF_8$Encoder.encode([CII[B)I @ 33
Event: 5.970 Thread 0x000000001ae85800 Uncommon trap: reason=class_check action=maybe_recompile pc=0x000000000326f730 method=java.lang.String.equals(Ljava/lang/Object;)Z @ 8
Event: 76.378 Thread 0x000000001b4cf800 Uncommon trap: reason=unstable_if action=reinterpret pc=0x0000000003736548 method=java.util.concurrent.locks.ReentrantLock$NonfairSync.lock()V @ 6
Event: 76.378 Thread 0x000000001b4cf800 Uncommon trap: reason=unstable_if action=reinterpret pc=0x0000000003716940 method=java.util.concurrent.locks.ReentrantLock$Sync.tryRelease(I)Z @ 28

Internal exceptions (10 events):
Event: 0.144 Thread 0x0000000003051000 Exception <a 'java/security/PrivilegedActionException'> (0x00000000d5fd14a0) thrown at [C:\re\workspace\8-2-build-windows-amd64-cygwin\jdk8u111\7883\hotspot\src\share\vm\prims\jvm.cpp, line 1386]
Event: 0.145 Thread 0x0000000003051000 Exception <a 'java/security/PrivilegedActionException'> (0x00000000d5fd5388) thrown at [C:\re\workspace\8-2-build-windows-amd64-cygwin\jdk8u111\7883\hotspot\src\share\vm\prims\jvm.cpp, line 1386]
Event: 0.145 Thread 0x0000000003051000 Exception <a 'java/security/PrivilegedActionException'> (0x00000000d5fd5598) thrown at [C:\re\workspace\8-2-build-windows-amd64-cygwin\jdk8u111\7883\hotspot\src\share\vm\prims\jvm.cpp, line 1386]
Event: 0.145 Thread 0x0000000003051000 Exception <a 'java/lang/NullPointerException'> (0x00000000d5fd5b70) thrown at [C:\re\workspace\8-2-build-windows-amd64-cygwin\jdk8u111\7883\hotspot\src\share\vm\interpreter\linkResolver.cpp, line 1178]
Event: 0.589 Thread 0x000000001ae85800 Exception <a 'java/lang/NullPointerException'> (0x00000000d6a1cd18) thrown at [C:\re\workspace\8-2-build-windows-amd64-cygwin\jdk8u111\7883\hotspot\src\share\vm\interpreter\linkResolver.cpp, line 1178]
Event: 0.589 Thread 0x000000001ae85800 Exception <a 'java/lang/NullPointerException'> (0x00000000d6a1cd18) thrown at [C:\re\workspace\8-2-build-windows-amd64-cygwin\jdk8u111\7883\hotspot\src\share\vm\prims\jvm.cpp, line 1390]
Event: 0.772 Thread 0x000000001ae85800 Exception <a 'java/lang/ArrayIndexOutOfBoundsException'> (0x00000000d7594140) thrown at [C:\re\workspace\8-2-build-windows-amd64-cygwin\jdk8u111\7883\hotspot\src\share\vm\runtime\sharedRuntime.cpp, line 605]
Event: 0.772 Thread 0x000000001ae85800 Exception <a 'java/lang/ArrayIndexOutOfBoundsException'> (0x00000000d7594e40) thrown at [C:\re\workspace\8-2-build-windows-amd64-cygwin\jdk8u111\7883\hotspot\src\share\vm\runtime\sharedRuntime.cpp, line 605]
Event: 0.773 Thread 0x000000001ae85800 Exception <a 'java/lang/ArrayIndexOutOfBoundsException'> (0x00000000d75961e8) thrown at [C:\re\workspace\8-2-build-windows-amd64-cygwin\jdk8u111\7883\hotspot\src\share\vm\runtime\sharedRuntime.cpp, line 605]
Event: 76.380 Thread 0x000000001b4cf800 Exception <a 'java/lang/IllegalStateException'> (0x00000000d72d1880) thrown at [C:\re\workspace\8-2-build-windows-amd64-cygwin\jdk8u111\7883\hotspot\src\share\vm\prims\jvm.cpp, line 1390]

Events (10 events):
Event: 76.378 Thread 0x000000001b4cf800 DEOPT UNPACKING pc=0x000000000319582a sp=0x000000000127e540 mode 2
Event: 76.378 Thread 0x000000001b4cf800 Uncommon trap: trap_request=0xffffff65 fr.pc=0x0000000003716940
Event: 76.378 Thread 0x000000001b4cf800 DEOPT PACKING pc=0x0000000003716940 sp=0x000000000127e590
Event: 76.378 Thread 0x000000001b4cf800 DEOPT UNPACKING pc=0x000000000319582a sp=0x000000000127e518 mode 2
Event: 76.379 loading class com/sun/javafx/tk/quantum/QuantumToolkit
Event: 76.379 loading class com/sun/javafx/tk/quantum/QuantumToolkit done
Event: 76.379 loading class com/sun/prism/ResourceFactoryListener
Event: 76.379 loading class com/sun/prism/ResourceFactoryListener done
Event: 76.380 Thread 0x000000001b4cf800 Thread exited: 0x000000001b4cf800
Event: 76.380 Executing VM operation: Exit


Dynamic libraries:
0x00007ff60a210000 - 0x00007ff60a247000 	C:\Program Files\Java\jdk1.8.0_111\bin\java.exe
0x00007ffe19fa0000 - 0x00007ffe1a1a9000 	C:\WINDOWS\SYSTEM32\ntdll.dll
0x00007ffe192c0000 - 0x00007ffe1937d000 	C:\WINDOWS\System32\KERNEL32.DLL
0x00007ffe17490000 - 0x00007ffe17804000 	C:\WINDOWS\System32\KERNELBASE.dll
0x00007ffe195b0000 - 0x00007ffe1965e000 	C:\WINDOWS\System32\ADVAPI32.dll
0x00007ffe19a60000 - 0x00007ffe19b03000 	C:\WINDOWS\System32\msvcrt.dll
0x00007ffe19380000 - 0x00007ffe1941e000 	C:\WINDOWS\System32\sechost.dll
0x00007ffe19b80000 - 0x00007ffe19ca0000 	C:\WINDOWS\System32\RPCRT4.dll
0x00007ffe17ff0000 - 0x00007ffe1819c000 	C:\WINDOWS\System32\USER32.dll
0x00007ffe17da0000 - 0x00007ffe17dc6000 	C:\WINDOWS\System32\win32u.dll
0x00007ffe19420000 - 0x00007ffe19449000 	C:\WINDOWS\System32\GDI32.dll
0x00007ffe17930000 - 0x00007ffe17a42000 	C:\WINDOWS\System32\gdi32full.dll
0x00007ffe17810000 - 0x00007ffe178ad000 	C:\WINDOWS\System32\msvcp_win.dll
0x00007ffe17bc0000 - 0x00007ffe17cd1000 	C:\WINDOWS\System32\ucrtbase.dll
0x00007ffe08b60000 - 0x00007ffe08e05000 	C:\WINDOWS\WinSxS\amd64_microsoft.windows.common-controls_6595b64144ccf1df_6.0.22000.120_none_9d947278b86cc467\COMCTL32.dll
0x00007ffe19750000 - 0x00007ffe19781000 	C:\WINDOWS\System32\IMM32.DLL
0x000000005bcf0000 - 0x000000005bdc2000 	C:\Program Files\Java\jdk1.8.0_111\jre\bin\msvcr100.dll
0x000000005b450000 - 0x000000005bcea000 	C:\Program Files\Java\jdk1.8.0_111\jre\bin\server\jvm.dll
0x00007ffe19450000 - 0x00007ffe19458000 	C:\WINDOWS\System32\PSAPI.DLL
0x00007ffe0d370000 - 0x00007ffe0d379000 	C:\WINDOWS\SYSTEM32\WSOCK32.dll
0x00007ffe13330000 - 0x00007ffe13363000 	C:\WINDOWS\SYSTEM32\WINMM.dll
0x00007ffe11c60000 - 0x00007ffe11c6a000 	C:\WINDOWS\SYSTEM32\VERSION.dll
0x00007ffe199f0000 - 0x00007ffe19a5f000 	C:\WINDOWS\System32\WS2_32.dll
0x000000005b440000 - 0x000000005b44f000 	C:\Program Files\Java\jdk1.8.0_111\jre\bin\verify.dll
0x000000005b410000 - 0x000000005b439000 	C:\Program Files\Java\jdk1.8.0_111\jre\bin\java.dll
0x000000005b3f0000 - 0x000000005b406000 	C:\Program Files\Java\jdk1.8.0_111\jre\bin\zip.dll
0x00007ffe18630000 - 0x00007ffe18ddf000 	C:\WINDOWS\System32\SHELL32.dll
0x00007ffe15600000 - 0x00007ffe15e68000 	C:\WINDOWS\SYSTEM32\windows.storage.dll
0x00007ffe18de0000 - 0x00007ffe19158000 	C:\WINDOWS\System32\combase.dll
0x00007ffe15390000 - 0x00007ffe154f6000 	C:\WINDOWS\SYSTEM32\wintypes.dll
0x00007ffe19e70000 - 0x00007ffe19f5a000 	C:\WINDOWS\System32\SHCORE.dll
0x00007ffe19460000 - 0x00007ffe194bd000 	C:\WINDOWS\System32\shlwapi.dll
0x00007ffe173c0000 - 0x00007ffe173e1000 	C:\WINDOWS\SYSTEM32\profapi.dll
0x00007ffdb71a0000 - 0x00007ffdb728f000 	C:\Program Files\Java\jdk1.8.0_111\jre\bin\msvcr120.dll
0x00007ffdecc50000 - 0x00007ffdeccf6000 	C:\Program Files\Java\jdk1.8.0_111\jre\bin\msvcp120.dll
0x000000005b380000 - 0x000000005b3a2000 	C:\Program Files\Java\jdk1.8.0_111\jre\bin\prism_d3d.dll
0x00007ffdbb5d0000 - 0x00007ffdbb776000 	C:\WINDOWS\system32\d3d9.dll
0x00007ffe16590000 - 0x00007ffe165a8000 	C:\WINDOWS\SYSTEM32\kernel.appcore.dll
0x00007ffe14960000 - 0x00007ffe1498f000 	C:\WINDOWS\SYSTEM32\dwmapi.dll
0x00007ffe14710000 - 0x00007ffe14748000 	C:\WINDOWS\SYSTEM32\dxcore.dll
0x00007ffe14430000 - 0x00007ffe144dc000 	C:\WINDOWS\system32\uxtheme.dll
0x00007ffe06880000 - 0x00007ffe068c4000 	C:\WINDOWS\SYSTEM32\directxdatabasehelper.dll
0x00007ffe147d0000 - 0x00007ffe14804000 	C:\WINDOWS\SYSTEM32\ntmarta.dll
0x000000005b330000 - 0x000000005b373000 	C:\Program Files\Java\jdk1.8.0_111\jre\bin\glass.dll
0x00007ffe194c0000 - 0x00007ffe195ac000 	C:\WINDOWS\System32\COMDLG32.dll
0x00007ffe19850000 - 0x00007ffe199ea000 	C:\WINDOWS\System32\ole32.dll
0x00007ffe191e0000 - 0x00007ffe192b6000 	C:\WINDOWS\System32\OLEAUT32.dll
0x00007ffe17e40000 - 0x00007ffe17f5e000 	C:\WINDOWS\System32\MSCTF.dll
0x00007ffe178b0000 - 0x00007ffe1792f000 	C:\WINDOWS\System32\bcryptPrimitives.dll
0x000000005b310000 - 0x000000005b324000 	C:\Program Files\Java\jdk1.8.0_111\jre\bin\javafx_font.dll
0x00007ffdf3080000 - 0x00007ffdf32df000 	C:\WINDOWS\SYSTEM32\dwrite.dll
0x00007ffe19680000 - 0x00007ffe1972f000 	C:\WINDOWS\System32\clbcatq.dll
0x00007ffe01930000 - 0x00007ffe01ade000 	C:\WINDOWS\SYSTEM32\WindowsCodecs.dll
0x00007ffdf6960000 - 0x00007ffdf69bd000 	C:\WINDOWS\system32\dataexchange.dll
0x00007ffe059f0000 - 0x00007ffe05c56000 	C:\WINDOWS\system32\twinapi.appcore.dll
0x00007ffe06750000 - 0x00007ffe06782000 	C:\Program Files\Common Files\Microsoft Shared\Ink\rtscom.dll
0x00007ffdf6660000 - 0x00007ffdf678d000 	C:\WINDOWS\SYSTEM32\textinputframework.dll
0x00007ffe13bd0000 - 0x00007ffe13d02000 	C:\WINDOWS\SYSTEM32\CoreMessaging.dll
0x00007ffe024d0000 - 0x00007ffe0283d000 	C:\WINDOWS\SYSTEM32\CoreUIComponents.dll
0x00007ffe16c20000 - 0x00007ffe16c2c000 	C:\WINDOWS\SYSTEM32\CRYPTBASE.DLL
0x000000005b2e0000 - 0x000000005b303000 	C:\Program Files\Java\jdk1.8.0_111\jre\bin\javafx_iio.dll
0x000000005b2c0000 - 0x000000005b2d1000 	C:\Program Files\Java\jdk1.8.0_111\jre\bin\prism_common.dll
0x00007ffe14cd0000 - 0x00007ffe14dc7000 	C:\WINDOWS\SYSTEM32\PROPSYS.dll
0x00007ffe17110000 - 0x00007ffe1715c000 	C:\WINDOWS\SYSTEM32\CFGMGR32.dll
0x00007ffdf6fd0000 - 0x00007ffdf718f000 	C:\WINDOWS\SYSTEM32\DUI70.dll
0x00007ffdfa690000 - 0x00007ffdfa729000 	C:\WINDOWS\SYSTEM32\DUser.dll
0x00007ffdaa190000 - 0x00007ffdaa236000 	C:\Program Files\Common Files\microsoft shared\ink\tiptsf.dll
0x00007ffdf74a0000 - 0x00007ffdf754e000 	C:\WINDOWS\SYSTEM32\TextShaping.dll
0x00007ffe0e400000 - 0x00007ffe0e426000 	C:\WINDOWS\SYSTEM32\edputil.dll
0x00007ffdf6360000 - 0x00007ffdf63b9000 	C:\WINDOWS\SYSTEM32\VAULTCLI.dll
0x00007ffdf0300000 - 0x00007ffdf0570000 	C:\WINDOWS\system32\explorerframe.dll
0x00007ffdf1e80000 - 0x00007ffdf1ee6000 	C:\Windows\System32\thumbcache.dll
0x00007ffe12f00000 - 0x00007ffe12fa0000 	C:\WINDOWS\SYSTEM32\policymanager.dll
0x00007ffe12950000 - 0x00007ffe129e2000 	C:\WINDOWS\SYSTEM32\msvcp110_win.dll
0x00007ffdf9d80000 - 0x00007ffdf9e50000 	C:\Windows\System32\Windows.UI.FileExplorer.dll
0x00007ffe0d300000 - 0x00007ffe0d369000 	C:\Windows\System32\OLEACC.dll
0x00007ffe0c630000 - 0x00007ffe0c667000 	C:\WINDOWS\system32\xmllite.dll
0x00007ffde7130000 - 0x00007ffde756e000 	C:\Windows\System32\uiautomationcore.dll
0x00007ffe16ab0000 - 0x00007ffe16ad9000 	C:\Windows\System32\USERENV.dll
0x00007ffe17300000 - 0x00007ffe173a2000 	C:\WINDOWS\SYSTEM32\sxs.dll
0x00007ffe10d80000 - 0x00007ffe10d8d000 	C:\WINDOWS\SYSTEM32\atlthunk.dll
0x00007ffdef8b0000 - 0x00007ffdef966000 	C:\WINDOWS\System32\StructuredQuery.dll
0x00007ffe06230000 - 0x00007ffe0624f000 	C:\WINDOWS\SYSTEM32\MPR.dll
0x00007ffe05530000 - 0x00007ffe0555c000 	C:\WINDOWS\System32\p9np.dll
0x00007ffe0d810000 - 0x00007ffe0d81c000 	C:\WINDOWS\System32\drprov.dll
0x00007ffe06580000 - 0x00007ffe065a0000 	C:\WINDOWS\System32\ntlanman.dll
0x00007ffe06310000 - 0x00007ffe0632e000 	C:\WINDOWS\System32\davclnt.dll
0x00007ffe16cd0000 - 0x00007ffe16d33000 	C:\WINDOWS\System32\WINSTA.dll
0x00007ffdf1ef0000 - 0x00007ffdf1f67000 	C:\Windows\System32\Windows.FileExplorer.Common.dll
0x00007ffe10390000 - 0x00007ffe103aa000 	C:\WINDOWS\System32\wkscli.dll
0x00007ffe10660000 - 0x00007ffe10913000 	C:\Windows\System32\iertutil.dll
0x00007ffe04c80000 - 0x00007ffe04c92000 	C:\WINDOWS\SYSTEM32\cscapi.dll
0x00007ffe160b0000 - 0x00007ffe160bc000 	C:\WINDOWS\System32\netutils.dll
0x00007ffe0f230000 - 0x00007ffe0f364000 	C:\Windows\System32\Windows.StateRepositoryPS.dll
0x00007ffdf1d40000 - 0x00007ffdf1d7e000 	C:\WINDOWS\SYSTEM32\windows.staterepositoryclient.dll
0x00007ffe140f0000 - 0x00007ffe14181000 	C:\WINDOWS\SYSTEM32\apphelp.dll
0x00007ffe045e0000 - 0x00007ffe04637000 	C:\Windows\System32\dlnashext.dll
0x00007ffdfaa10000 - 0x00007ffdfaa7e000 	C:\Windows\System32\PlayToDevice.dll
0x00007ffdeede0000 - 0x00007ffdeee01000 	C:\Windows\System32\DevDispItemProvider.dll
0x00007ffe19160000 - 0x00007ffe191db000 	C:\WINDOWS\System32\coml2.dll
0x00007ffe103f0000 - 0x00007ffe103fd000 	C:\WINDOWS\SYSTEM32\LINKINFO.dll
0x00007ffdf8000000 - 0x00007ffdf80c8000 	C:\Windows\System32\twinapi.dll
0x00007ffe0f4a0000 - 0x00007ffe0f4c2000 	C:\WINDOWS\SYSTEM32\cldapi.dll
0x00007ffe167b0000 - 0x00007ffe167f2000 	C:\WINDOWS\SYSTEM32\SspiCli.dll
0x00007ffe0e8d0000 - 0x00007ffe0ea0b000 	C:\Windows\System32\Windows.System.Launcher.dll
0x00007ffe11860000 - 0x00007ffe1187b000 	C:\WINDOWS\SYSTEM32\windows.staterepositorycore.dll
0x00007ffe10a30000 - 0x00007ffe10acc000 	C:\WINDOWS\System32\MMDevApi.dll
0x00007ffe17160000 - 0x00007ffe1718c000 	C:\WINDOWS\System32\DEVOBJ.dll
0x00007ffde4cc0000 - 0x00007ffde4d96000 	C:\WINDOWS\system32\Windows.Storage.Search.dll
0x00007ffdaa0e0000 - 0x00007ffdaa182000 	C:\WINDOWS\system32\wpdshext.dll
0x00007ffdcdef0000 - 0x00007ffdce0a3000 	C:\WINDOWS\WinSxS\amd64_microsoft.windows.gdiplus_6595b64144ccf1df_1.1.22000.434_none_ce836c1412fb9b57\gdiplus.dll
0x00007ffde4f30000 - 0x00007ffde4fce000 	C:\Windows\System32\PortableDeviceApi.dll
0x00007ffe181c0000 - 0x00007ffe1862c000 	C:\WINDOWS\System32\SETUPAPI.dll
0x00007ffe17dd0000 - 0x00007ffe17e37000 	C:\WINDOWS\System32\WINTRUST.dll
0x00007ffe17a50000 - 0x00007ffe17bb2000 	C:\WINDOWS\System32\CRYPT32.dll
0x00007ffe16c60000 - 0x00007ffe16c72000 	C:\WINDOWS\SYSTEM32\MSASN1.dll
0x00007ffdf6320000 - 0x00007ffdf6357000 	C:\Windows\System32\EhStorShell.dll
0x00007ffe05460000 - 0x00007ffe05485000 	C:\Windows\System32\EhStorAPI.dll
0x00007ffe15500000 - 0x00007ffe15514000 	C:\Windows\System32\WTSAPI32.dll
0x00007ffdf1d80000 - 0x00007ffdf1dab000 	C:\WINDOWS\system32\mssprxy.dll
0x00007ffdf1c50000 - 0x00007ffdf1cd0000 	C:\WINDOWS\system32\ntshrui.dll
0x00007ffe10920000 - 0x00007ffe10948000 	C:\WINDOWS\system32\srvcli.dll
0x00007ffdeeff0000 - 0x00007ffdef1ac000 	C:\Users\31285\AppData\Local\Microsoft\OneDrive\22.065.0412.0004\FileSyncShell64.dll
0x00007ffe0ce00000 - 0x00007ffe0d2fa000 	C:\WINDOWS\SYSTEM32\WININET.dll
0x00007ffe0b3a0000 - 0x00007ffe0b3ac000 	C:\WINDOWS\SYSTEM32\Secur32.dll
0x00007ffe16df0000 - 0x00007ffe16e17000 	C:\WINDOWS\SYSTEM32\bcrypt.dll
0x00007ffe09020000 - 0x00007ffe09836000 	C:\Windows\System32\OneCoreUAPCommonProxyStub.dll
0x00007ffdfe950000 - 0x00007ffdfe9ef000 	C:\Windows\System32\ActXPrxy.dll

VM Arguments:
jvm_args: -Dfile.encoding=UTF-8 
java_command: C:\Users\31285\OneDrive\Escritorio\Semestre\Proyecto Java\MarketPlace\dist\run2044453390\MarketPlace.jar
java_class_path (initial): C:\Users\31285\OneDrive\Escritorio\Semestre\Proyecto Java\MarketPlace\dist\run2044453390\MarketPlace.jar
Launcher Type: SUN_STANDARD

Environment Variables:
PATH=C:\ProgramData\Oracle\Java\javapath;C:\Program Files\Common Files\Oracle\Java\javapath;C:\Program Files (x86)\Intel\Intel(R) Management Engine Components\iCLS\;C:\Program Files\Intel\Intel(R) Management Engine Components\iCLS\;C:\WINDOWS\system32;C:\WINDOWS;C:\WINDOWS\System32\Wbem;C:\WINDOWS\System32\WindowsPowerShell\v1.0\;C:\WINDOWS\System32\OpenSSH\;C:\Program Files (x86)\Intel\Intel(R) Management Engine Components\DAL;C:\Program Files\Intel\Intel(R) Management Engine Components\DAL;C:\Program Files (x86)\Intel\Intel(R) Management Engine Components\IPT;C:\Program Files\Intel\Intel(R) Management Engine Components\IPT;C:\Users\31285\AppData\Local\Microsoft\WindowsApps;;C:\Users\31285\AppData\Local\Programs\Microsoft VS Code\bin
USERNAME=31285
OS=Windows_NT
PROCESSOR_IDENTIFIER=Intel64 Family 6 Model 142 Stepping 10, GenuineIntel



---------------  S Y S T E M  ---------------

OS: Windows 10.0 , 64 bit Build 22000 (10.0.22000.613)

CPU:total 8 (4 cores per cpu, 2 threads per core) family 6 model 142 stepping 10, cmov, cx8, fxsr, mmx, sse, sse2, sse3, ssse3, sse4.1, sse4.2, popcnt, avx, avx2, aes, clmul, erms, 3dnowpref, lzcnt, ht, tsc, tscinvbit, bmi1, bmi2, adx

Memory: 4k page, physical 8295652k(1681272k free), swap 10692632k(1320744k free)

vm_info: Java HotSpot(TM) 64-Bit Server VM (25.111-b14) for windows-amd64 JRE (1.8.0_111-b14), built on Sep 22 2016 19:24:05 by "java_re" with MS VC++ 10.0 (VS2010)

time: Tue Apr 19 19:43:49 2022
elapsed time: 77 seconds (0d 0h 1m 17s)

